Total Atom size = 95
U size : 28

XTime = 0.000000
Answer set Xs num : 2

E done, Es size = 1
----------------------------
Choose X : 
hc(2,4) hc(7,3) otherroute(7,6) hc(6,7) otherroute(7,5) otherroute(5,7) otherroute(6,5) hc(5,6) otherroute(7,4) otherroute(4,7) otherroute(6,4) otherroute(4,6) otherroute(5,4) hc(4,5) reached(2) reached(4) reached(7) reached(6) reached(5) 
XTime + YTime = 0.000000
Answer set Ys num : 2

Solution judge 

S : initialnode(0) vertex(0) vertex(1) vertex(2) vertex(3) vertex(4) vertex(5) vertex(6) vertex(7) arc(0,1) arc(1,0) arc(0,2) arc(2,0) arc(0,3) arc(3,0) arc(1,2) arc(2,1) arc(1,3) arc(3,1) arc(2,3) arc(3,2) arc(4,5) arc(5,4) arc(4,6) arc(6,4) arc(4,7) arc(7,4) arc(5,6) arc(6,5) arc(5,7) arc(7,5) arc(6,7) arc(7,6) arc(7,3) arc(2,4) hc(2,4) hc(7,3) otherroute(7,6) hc(6,7) otherroute(7,5) otherroute(5,7) otherroute(6,5) hc(5,6) otherroute(7,4) otherroute(4,7) otherroute(6,4) otherroute(4,6) otherroute(5,4) hc(4,5) otherroute(3,2) otherroute(2,3) hc(3,1) otherroute(1,3) otherroute(2,1) otherroute(1,2) otherroute(3,0) otherroute(0,3) otherroute(2,0) hc(0,2) hc(1,0) otherroute(0,1) reached(3) reached(2) reached(1) reached(0) reached(4) reached(7) reached(6) reached(5) 

S is an answer set of input program! : False

S : initialnode(0) vertex(0) vertex(1) vertex(2) vertex(3) vertex(4) vertex(5) vertex(6) vertex(7) arc(0,1) arc(1,0) arc(0,2) arc(2,0) arc(0,3) arc(3,0) arc(1,2) arc(2,1) arc(1,3) arc(3,1) arc(2,3) arc(3,2) arc(4,5) arc(5,4) arc(4,6) arc(6,4) arc(4,7) arc(7,4) arc(5,6) arc(6,5) arc(5,7) arc(7,5) arc(6,7) arc(7,6) arc(7,3) arc(2,4) hc(2,4) hc(7,3) otherroute(7,6) hc(6,7) otherroute(7,5) otherroute(5,7) otherroute(6,5) hc(5,6) otherroute(7,4) otherroute(4,7) otherroute(6,4) otherroute(4,6) otherroute(5,4) hc(4,5) otherroute(3,2) otherroute(2,3) otherroute(3,1) otherroute(1,3) otherroute(2,1) hc(1,2) hc(3,0) otherroute(0,3) otherroute(2,0) otherroute(0,2) otherroute(1,0) hc(0,1) reached(3) reached(2) reached(1) reached(0) reached(4) reached(7) reached(6) reached(5) 

S is an answer set of input program! : True

----------------------------
Choose X : 
hc(2,4) hc(7,3) otherroute(7,6) otherroute(6,7) otherroute(7,5) hc(5,7) hc(6,5) otherroute(5,6) otherroute(7,4) otherroute(4,7) otherroute(6,4) hc(4,6) otherroute(5,4) otherroute(4,5) reached(2) reached(4) reached(7) reached(6) reached(5) 
XTime + YTime = 0.000000
Answer set Ys num : 2

Solution judge 

S : initialnode(0) vertex(0) vertex(1) vertex(2) vertex(3) vertex(4) vertex(5) vertex(6) vertex(7) arc(0,1) arc(1,0) arc(0,2) arc(2,0) arc(0,3) arc(3,0) arc(1,2) arc(2,1) arc(1,3) arc(3,1) arc(2,3) arc(3,2) arc(4,5) arc(5,4) arc(4,6) arc(6,4) arc(4,7) arc(7,4) arc(5,6) arc(6,5) arc(5,7) arc(7,5) arc(6,7) arc(7,6) arc(7,3) arc(2,4) hc(2,4) hc(7,3) otherroute(7,6) otherroute(6,7) otherroute(7,5) hc(5,7) hc(6,5) otherroute(5,6) otherroute(7,4) otherroute(4,7) otherroute(6,4) hc(4,6) otherroute(5,4) otherroute(4,5) otherroute(3,2) otherroute(2,3) hc(3,1) otherroute(1,3) otherroute(2,1) otherroute(1,2) otherroute(3,0) otherroute(0,3) otherroute(2,0) hc(0,2) hc(1,0) otherroute(0,1) reached(3) reached(2) reached(1) reached(0) reached(4) reached(7) reached(6) reached(5) 

S is an answer set of input program! : True

S : initialnode(0) vertex(0) vertex(1) vertex(2) vertex(3) vertex(4) vertex(5) vertex(6) vertex(7) arc(0,1) arc(1,0) arc(0,2) arc(2,0) arc(0,3) arc(3,0) arc(1,2) arc(2,1) arc(1,3) arc(3,1) arc(2,3) arc(3,2) arc(4,5) arc(5,4) arc(4,6) arc(6,4) arc(4,7) arc(7,4) arc(5,6) arc(6,5) arc(5,7) arc(7,5) arc(6,7) arc(7,6) arc(7,3) arc(2,4) hc(2,4) hc(7,3) otherroute(7,6) otherroute(6,7) otherroute(7,5) hc(5,7) hc(6,5) otherroute(5,6) otherroute(7,4) otherroute(4,7) otherroute(6,4) hc(4,6) otherroute(5,4) otherroute(4,5) otherroute(3,2) otherroute(2,3) otherroute(3,1) otherroute(1,3) otherroute(2,1) hc(1,2) hc(3,0) otherroute(0,3) otherroute(2,0) otherroute(0,2) otherroute(1,0) hc(0,1) reached(3) reached(2) reached(1) reached(0) reached(4) reached(7) reached(6) reached(5) 

S is an answer set of input program! : True


Time cost : 0.000000 seconds
